<?xml version="1.0" encoding="UTF-8"?>
<!-- Generated by org.testng.reporters.JUnitReportReporter -->
<testsuite hostname="DESKTOP-7S7LCUO" failures="0" tests="4" name="testRunnr.TestRunner" time="12.513" errors="0" timestamp="2025-05-22T20:25:43 IST" skipped="0">
  <testcase classname="testRunnr.TestRunner" name="runScenario" time="4.276"/>
  <testcase classname="testRunnr.TestRunner" name="runScenario" time="2.243"/>
  <testcase classname="testRunnr.TestRunner" name="runScenario" time="3.370"/>
  <testcase classname="testRunnr.TestRunner" name="runScenario" time="2.624"/>
</testsuite> <!-- testRunnr.TestRunner -->
